TN:
SF:src/config/database.ts
FNF:0
FNH:0
DA:1,9
DA:2,9
DA:4,9
DA:6,9
DA:22,9
LF:5
LH:5
BRDA:7,0,0,9
BRDA:7,0,1,0
BRDA:8,1,0,9
BRDA:8,1,1,0
BRDA:9,2,0,9
BRDA:9,2,1,0
BRF:6
BRH:3
end_of_record
TN:
SF:src/middlewares/auth.middleware.ts
FN:17,(anonymous_1)
FNF:1
FNH:0
FNDA:0,(anonymous_1)
DA:2,2
DA:3,2
DA:5,2
DA:6,2
DA:17,2
DA:22,0
DA:23,0
DA:25,0
DA:26,0
DA:28,0
DA:31,0
DA:32,0
DA:34,0
DA:35,0
DA:37,0
DA:40,0
DA:41,0
DA:42,0
DA:44,0
DA:47,0
DA:48,0
DA:50,0
LF:22
LH:5
BRDA:25,0,0,0
BRDA:25,1,0,0
BRDA:25,1,1,0
BRDA:34,2,0,0
BRDA:41,3,0,0
BRF:5
BRH:0
end_of_record
TN:
SF:src/modules/accessToken/models/accessToken.model.ts
FN:25,(anonymous_1)
FNF:1
FNH:0
FNDA:0,(anonymous_1)
DA:1,6
DA:2,6
DA:3,6
DA:26,0
DA:27,0
DA:31,6
DA:63,6
LF:7
LH:5
BRF:0
BRH:0
end_of_record
TN:
SF:src/modules/accessToken/repositories/accessToken.repository.ts
FN:4,(anonymous_1)
FN:16,(anonymous_2)
FN:26,(anonymous_3)
FNF:3
FNH:0
FNDA:0,(anonymous_1)
FNDA:0,(anonymous_2)
FNDA:0,(anonymous_3)
DA:1,5
DA:5,0
DA:6,0
DA:12,0
DA:17,0
DA:18,0
DA:20,0
DA:27,0
DA:28,0
DA:30,0
DA:37,5
LF:11
LH:2
BRF:0
BRH:0
end_of_record
TN:
SF:src/modules/accessToken/services/accessToken.service.ts
FN:6,(anonymous_1)
FN:10,(anonymous_2)
FN:31,(anonymous_3)
FNF:3
FNH:3
FNDA:26,(anonymous_1)
FNDA:3,(anonymous_2)
FNDA:3,(anonymous_3)
DA:1,3
DA:7,26
DA:11,3
DA:13,3
DA:14,1
DA:20,2
DA:21,1
DA:22,1
DA:28,1
DA:32,3
DA:33,3
DA:35,2
DA:37,2
DA:39,2
DA:43,3
LF:15
LH:15
BRDA:13,0,0,1
BRDA:20,1,0,1
BRDA:33,2,0,1
BRDA:37,3,0,1
BRF:4
BRH:4
end_of_record
TN:
SF:src/modules/kiosk/controllers/kiosk.controller.ts
FN:11,(anonymous_1)
FN:17,(anonymous_2)
FN:20,(anonymous_3)
FN:23,(anonymous_4)
FN:26,(anonymous_5)
FN:30,(anonymous_6)
FN:36,(anonymous_7)
FN:82,(anonymous_8)
FN:98,(anonymous_9)
FN:119,(anonymous_10)
FN:136,(anonymous_11)
FNF:11
FNH:7
FNDA:16,(anonymous_1)
FNDA:16,(anonymous_2)
FNDA:0,(anonymous_3)
FNDA:0,(anonymous_4)
FNDA:0,(anonymous_5)
FNDA:0,(anonymous_6)
FNDA:3,(anonymous_7)
FNDA:3,(anonymous_8)
FNDA:3,(anonymous_9)
FNDA:3,(anonymous_10)
FNDA:4,(anonymous_11)
DA:1,1
DA:2,1
DA:3,1
DA:5,1
DA:12,16
DA:13,16
DA:14,16
DA:18,16
DA:20,16
DA:21,0
DA:23,16
DA:24,0
DA:26,16
DA:27,0
DA:30,16
DA:31,0
DA:33,16
DA:37,3
DA:38,3
DA:39,0
DA:41,0
DA:44,3
DA:45,3
DA:47,3
DA:48,1
DA:52,1
DA:55,2
DA:61,0
DA:65,0
DA:68,2
DA:70,2
DA:76,1
DA:78,1
DA:83,3
DA:84,3
DA:85,3
DA:87,2
DA:88,1
DA:89,1
DA:92,1
DA:94,1
DA:99,3
DA:100,3
DA:101,3
DA:102,3
DA:108,2
DA:109,1
DA:110,1
DA:113,1
DA:115,1
DA:120,3
DA:121,3
DA:122,3
DA:123,3
DA:125,2
DA:126,1
DA:127,1
DA:130,1
DA:132,1
DA:137,4
DA:138,4
DA:141,4
DA:142,0
DA:146,0
DA:149,4
DA:159,1
DA:163,1
DA:166,3
DA:167,0
DA:171,0
DA:174,3
DA:181,2
DA:183,1
DA:188,1
LF:74
LH:62
BRDA:38,0,0,0
BRDA:47,1,0,1
BRDA:47,2,0,3
BRDA:47,2,1,2
BRDA:47,2,2,2
BRDA:55,3,0,0
BRDA:56,4,0,2
BRDA:56,4,1,2
BRDA:56,4,2,2
BRDA:56,4,3,2
BRDA:87,5,0,1
BRDA:108,6,0,1
BRDA:125,7,0,1
BRDA:138,8,0,1
BRDA:138,9,0,1
BRDA:141,10,0,0
BRDA:141,11,0,4
BRDA:141,11,1,4
BRDA:149,12,0,1
BRDA:150,13,0,4
BRDA:150,13,1,4
BRDA:150,13,2,4
BRDA:150,13,3,4
BRDA:150,13,4,4
BRDA:150,13,5,4
BRDA:150,13,6,3
BRDA:150,13,7,3
BRDA:166,14,0,0
BRDA:166,15,0,3
BRDA:166,15,1,3
BRF:30
BRH:26
end_of_record
TN:
SF:src/modules/kiosk/models/kiosk.model.ts
FNF:0
FNH:0
DA:1,4
DA:2,4
DA:3,4
DA:27,4
DA:63,4
LF:5
LH:5
BRF:0
BRH:0
end_of_record
TN:
SF:src/modules/kiosk/repositories/kiosk.repository.ts
FN:7,(anonymous_1)
FN:26,(anonymous_2)
FN:30,(anonymous_3)
FN:42,(anonymous_4)
FN:50,(anonymous_5)
FNF:5
FNH:0
FNDA:0,(anonymous_1)
FNDA:0,(anonymous_2)
FNDA:0,(anonymous_3)
FNDA:0,(anonymous_4)
FNDA:0,(anonymous_5)
DA:1,2
DA:2,2
DA:3,2
DA:4,2
DA:13,0
DA:18,0
DA:27,0
DA:35,0
DA:36,0
DA:38,0
DA:39,0
DA:43,0
DA:44,0
DA:46,0
DA:47,0
DA:56,0
DA:57,0
DA:59,0
DA:89,0
DA:90,0
DA:95,2
LF:21
LH:5
BRDA:36,0,0,0
BRDA:44,1,0,0
BRF:2
BRH:0
end_of_record
TN:
SF:src/modules/kiosk/services/kiosk.service.ts
FN:6,(anonymous_1)
FN:10,(anonymous_2)
FN:24,(anonymous_3)
FN:28,(anonymous_4)
FN:36,(anonymous_5)
FN:40,(anonymous_6)
FNF:6
FNH:6
FNDA:15,(anonymous_1)
FNDA:2,(anonymous_2)
FNDA:3,(anonymous_3)
FNDA:3,(anonymous_4)
FNDA:3,(anonymous_5)
FNDA:4,(anonymous_6)
DA:1,2
DA:7,15
DA:21,2
DA:25,3
DA:33,3
DA:37,3
DA:46,4
DA:50,2
LF:8
LH:8
BRF:0
BRH:0
end_of_record
TN:
SF:src/modules/review/model/review.model.ts
FNF:0
FNH:0
DA:1,2
DA:2,2
DA:4,2
DA:27,2
DA:68,2
LF:5
LH:5
BRF:0
BRH:0
end_of_record
TN:
SF:src/modules/user/controllers/user.controller.ts
FN:20,(anonymous_1)
FN:27,(anonymous_2)
FN:49,(anonymous_3)
FN:57,(anonymous_4)
FN:88,(anonymous_5)
FN:119,(anonymous_6)
FN:146,(anonymous_7)
FN:166,(anonymous_8)
FN:183,(anonymous_9)
FNF:9
FNH:8
FNDA:18,(anonymous_1)
FNDA:18,(anonymous_2)
FNDA:0,(anonymous_3)
FNDA:3,(anonymous_4)
FNDA:3,(anonymous_5)
FNDA:3,(anonymous_6)
FNDA:3,(anonymous_7)
FNDA:3,(anonymous_8)
FNDA:3,(anonymous_9)
DA:1,1
DA:2,1
DA:5,1
DA:9,1
DA:10,1
DA:11,1
DA:12,1
DA:21,18
DA:22,18
DA:23,18
DA:24,18
DA:28,18
DA:34,18
DA:40,18
DA:47,18
DA:49,18
DA:50,0
DA:52,18
DA:53,18
DA:54,18
DA:58,3
DA:60,3
DA:61,1
DA:62,1
DA:65,2
DA:66,2
DA:68,2
DA:76,1
DA:77,1
DA:79,1
DA:89,3
DA:91,3
DA:92,1
DA:93,1
DA:96,2
DA:97,2
DA:99,2
DA:105,1
DA:110,1
DA:120,3
DA:121,3
DA:122,3
DA:124,3
DA:125,1
DA:129,1
DA:132,2
DA:134,2
DA:135,1
DA:137,1
DA:140,1
DA:142,0
DA:147,3
DA:148,3
DA:149,3
DA:154,2
DA:155,1
DA:157,1
DA:160,1
DA:162,1
DA:167,3
DA:168,3
DA:169,3
DA:171,2
DA:172,1
DA:174,1
DA:177,1
DA:179,1
DA:184,3
DA:185,3
DA:186,3
DA:187,1
DA:189,1
DA:192,2
DA:193,1
DA:195,1
DA:200,1
LF:76
LH:74
BRDA:60,0,0,1
BRDA:81,1,0,1
BRDA:81,1,1,0
BRDA:91,2,0,1
BRDA:112,3,0,1
BRDA:112,3,1,0
BRDA:124,4,0,1
BRDA:134,5,0,1
BRDA:154,6,0,1
BRDA:171,7,0,1
BRDA:186,8,0,1
BRF:11
BRH:9
end_of_record
TN:
SF:src/modules/user/models/user.model.ts
FNF:0
FNH:0
DA:1,9
DA:2,9
DA:35,9
DA:86,9
LF:4
LH:4
BRF:0
BRH:0
end_of_record
TN:
SF:src/modules/user/repositories/user.repository.ts
FN:6,(anonymous_1)
FN:27,(anonymous_2)
FN:35,(anonymous_3)
FN:46,(anonymous_4)
FN:60,(anonymous_5)
FN:68,(anonymous_6)
FNF:6
FNH:0
FNDA:0,(anonymous_1)
FNDA:0,(anonymous_2)
FNDA:0,(anonymous_3)
FNDA:0,(anonymous_4)
FNDA:0,(anonymous_5)
FNDA:0,(anonymous_6)
DA:1,3
DA:2,3
DA:3,3
DA:13,0
DA:14,0
DA:21,0
DA:23,0
DA:28,0
DA:29,0
DA:31,0
DA:39,0
DA:40,0
DA:42,0
DA:43,0
DA:47,0
DA:48,0
DA:56,0
DA:61,0
DA:62,0
DA:64,0
DA:65,0
DA:69,0
DA:70,0
DA:71,0
DA:85,0
DA:90,3
LF:26
LH:4
BRDA:40,0,0,0
BRDA:62,1,0,0
BRF:2
BRH:0
end_of_record
TN:
SF:src/modules/user/services/user.service.ts
FN:11,(anonymous_1)
FN:16,(anonymous_2)
FN:23,(anonymous_3)
FN:27,(anonymous_4)
FN:31,(anonymous_5)
FN:39,(anonymous_6)
FN:58,(anonymous_7)
FN:62,(anonymous_8)
FNF:8
FNH:8
FNDA:15,(anonymous_1)
FNDA:2,(anonymous_2)
FNDA:2,(anonymous_3)
FNDA:1,(anonymous_4)
FNDA:2,(anonymous_5)
FNDA:3,(anonymous_6)
FNDA:2,(anonymous_7)
FNDA:2,(anonymous_8)
DA:1,3
DA:3,3
DA:5,3
DA:12,15
DA:13,15
DA:20,2
DA:24,2
DA:28,1
DA:32,2
DA:33,2
DA:35,1
DA:40,3
DA:41,3
DA:46,3
DA:48,2
DA:50,2
DA:52,1
DA:54,2
DA:59,2
DA:69,2
DA:70,2
DA:78,1
DA:83,3
LF:23
LH:23
BRDA:46,0,0,1
BRDA:50,1,0,1
BRF:2
BRH:2
end_of_record
